<?xml version="1.0" encoding="UTF-8"?>
<!-- Generated by org.testng.reporters.JUnitXMLReporter -->
<testsuite ignored="0" hostname="NitanshaTanwar" failures="1" tests="3" name="Error Validation Test" time="15.197" errors="0" timestamp="2022-11-16T11:17:13 IST">
  <testcase classname="dhruvanshtanwar.tests.ErrorValidationsTest" name="loginErrorValidation" time="0.869">
    <skipped/>
  </testcase> <!-- loginErrorValidation -->
  <testcase classname="dhruvanshtanwar.tests.ErrorValidationsTest" name="loginErrorValidation" time="0.388">
    <failure type="java.lang.AssertionError" message="expected [Incorrect email or password.] but found [Incorrect email  passsword.]">
      <![CDATA[java.lang.AssertionError: expected [Incorrect email or password.] but found [Incorrect email  passsword.]
at dhruvanshtanwar.tests.ErrorValidationsTest.loginErrorValidation(ErrorValidationsTest.java:25)
at java.base/java.util.ArrayList.forEach(ArrayList.java:1511)
at java.base/java.util.concurrent.FutureTask.run(FutureTask.java:264)
at java.base/java.util.concurrent.ThreadPoolExecutor.runWorker(ThreadPoolExecutor.java:1136)
at java.base/java.util.concurrent.ThreadPoolExecutor$Worker.run(ThreadPoolExecutor.java:635)
at java.base/java.lang.Thread.run(Thread.java:833)
... Removed 23 stack frames]]>
    </failure>
  </testcase> <!-- loginErrorValidation -->
  <testcase classname="dhruvanshtanwar.tests.ErrorValidationsTest" name="productErrorValidation" time="2.04"/>
</testsuite> <!-- Error Validation Test -->
