<?xml version="1.0" encoding="UTF-8"?>
<!-- Generated by org.testng.reporters.JUnitXMLReporter -->
<testsuite ignored="0" hostname="Dan" failures="0" tests="3" name="Submit Order Test" time="62.758" errors="0" timestamp="2022-11-13T14:25:31 IST">
  <testcase classname="dhruvanshtanwar.tests.SubmitOrderTest" name="submitOrder" time="4.488"/>
  <testcase classname="dhruvanshtanwar.tests.SubmitOrderTest" name="submitOrder" time="3.956"/>
  <testcase classname="dhruvanshtanwar.tests.SubmitOrderTest" name="orderHistoryTest" time="1.061"/>
</testsuite> <!-- Submit Order Test -->
