<?xml version="1.0" encoding="UTF-8"?>
<!-- Generated by org.testng.reporters.JUnitXMLReporter -->
<testsuite ignored="0" hostname="NitanshaTanwar" failures="0" tests="3" name="Submit Order Test" time="22.701" errors="0" timestamp="2022-11-13T19:53:15 IST">
  <testcase classname="dhruvanshtanwar.tests.SubmitOrderTest" name="submitOrder" time="3.233"/>
  <testcase classname="dhruvanshtanwar.tests.SubmitOrderTest" name="submitOrder" time="3.712"/>
  <testcase classname="dhruvanshtanwar.tests.SubmitOrderTest" name="orderHistoryTest" time="0.784"/>
</testsuite> <!-- Submit Order Test -->
