<?xml version="1.0" encoding="UTF-8"?>
<testng-results ignored="0" total="5" passed="4" failed="1" skipped="0">
  <reporter-output>
  </reporter-output>
  <suite started-at="2022-11-13T14:24:27 IST" name="Suite" finished-at="2022-11-13T14:25:30 IST" duration-ms="62762">
    <groups>
      <group name="ErrorHandling">
        <method signature="ErrorValidationsTest.loginErrorValidation()[pri:0, instance:dhruvanshtanwar.tests.ErrorValidationsTest@1b835480]" name="loginErrorValidation" class="dhruvanshtanwar.tests.ErrorValidationsTest"/>
      </group> <!-- ErrorHandling -->
      <group name="Purchase">
        <method signature="SubmitOrderTest.submitOrder(java.util.HashMap)[pri:0, instance:dhruvanshtanwar.tests.SubmitOrderTest@3ad2e17]" name="submitOrder" class="dhruvanshtanwar.tests.SubmitOrderTest"/>
      </group> <!-- Purchase -->
    </groups>
    <test started-at="2022-11-13T14:24:27 IST" name="Error Validation Test" finished-at="2022-11-13T14:25:17 IST" duration-ms="49349">
      <class name="dhruvanshtanwar.tests.ErrorValidationsTest">
        <test-method is-config="true" signature="launchApplication()[pri:0, instance:dhruvanshtanwar.tests.ErrorValidationsTest@1b835480]" started-at="2022-11-13T14:24:27 IST" name="launchApplication" finished-at="2022-11-13T14:24:48 IST" duration-ms="20371" status="PASS">
          <reporter-output>
          </reporter-output>
        </test-method> <!-- launchApplication -->
        <test-method signature="loginErrorValidation()[pri:0, instance:dhruvanshtanwar.tests.ErrorValidationsTest@1b835480]" started-at="2022-11-13T14:24:48 IST" name="loginErrorValidation" finished-at="2022-11-13T14:24:49 IST" duration-ms="1152" status="FAIL">
          <exception class="java.lang.AssertionError">
            <message>
              <![CDATA[expected [Incorrect email or password.] but found [Incorrect email  passsword.]]]>
            </message>
            <full-stacktrace>
              <![CDATA[java.lang.AssertionError: expected [Incorrect email or password.] but found [Incorrect email  passsword.]
at org.testng.Assert.fail(Assert.java:110)
at org.testng.Assert.failNotEquals(Assert.java:1413)
at org.testng.Assert.assertEqualsImpl(Assert.java:149)
at org.testng.Assert.assertEquals(Assert.java:131)
at org.testng.Assert.assertEquals(Assert.java:655)
at org.testng.Assert.assertEquals(Assert.java:665)
at dhruvanshtanwar.tests.ErrorValidationsTest.loginErrorValidation(ErrorValidationsTest.java:25)
at java.base/jdk.internal.reflect.NativeMethodAccessorImpl.invoke0(Native Method)
at java.base/jdk.internal.reflect.NativeMethodAccessorImpl.invoke(NativeMethodAccessorImpl.java:77)
at java.base/jdk.internal.reflect.DelegatingMethodAccessorImpl.invoke(DelegatingMethodAccessorImpl.java:43)
at java.base/java.lang.reflect.Method.invoke(Method.java:568)
at org.testng.internal.invokers.MethodInvocationHelper.invokeMethod(MethodInvocationHelper.java:139)
at org.testng.internal.invokers.TestInvoker.invokeMethod(TestInvoker.java:677)
at org.testng.internal.invokers.TestInvoker.invokeTestMethod(TestInvoker.java:221)
at org.testng.internal.invokers.MethodRunner.runInSequence(MethodRunner.java:50)
at org.testng.internal.invokers.TestInvoker$MethodInvocationAgent.invoke(TestInvoker.java:962)
at org.testng.internal.invokers.TestInvoker.invokeTestMethods(TestInvoker.java:194)
at org.testng.internal.invokers.TestMethodWorker.invokeTestMethods(TestMethodWorker.java:148)
at org.testng.internal.invokers.TestMethodWorker.run(TestMethodWorker.java:128)
at java.base/java.util.ArrayList.forEach(ArrayList.java:1511)
at org.testng.TestRunner.privateRun(TestRunner.java:806)
at org.testng.TestRunner.run(TestRunner.java:601)
at org.testng.SuiteRunner.runTest(SuiteRunner.java:433)
at org.testng.SuiteRunner$SuiteWorker.run(SuiteRunner.java:471)
at org.testng.internal.thread.ThreadUtil.lambda$execute$0(ThreadUtil.java:58)
at java.base/java.util.concurrent.FutureTask.run(FutureTask.java:264)
at java.base/java.util.concurrent.ThreadPoolExecutor.runWorker(ThreadPoolExecutor.java:1136)
at java.base/java.util.concurrent.ThreadPoolExecutor$Worker.run(ThreadPoolExecutor.java:635)
at java.base/java.lang.Thread.run(Thread.java:833)
]]>
            </full-stacktrace>
          </exception> <!-- java.lang.AssertionError -->
          <reporter-output>
          </reporter-output>
        </test-method> <!-- loginErrorValidation -->
        <test-method is-config="true" signature="tearDown()[pri:0, instance:dhruvanshtanwar.tests.ErrorValidationsTest@1b835480]" started-at="2022-11-13T14:24:50 IST" name="tearDown" finished-at="2022-11-13T14:24:53 IST" duration-ms="3340" status="PASS">
          <reporter-output>
          </reporter-output>
        </test-method> <!-- tearDown -->
        <test-method is-config="true" signature="launchApplication()[pri:0, instance:dhruvanshtanwar.tests.ErrorValidationsTest@1b835480]" started-at="2022-11-13T14:24:53 IST" name="launchApplication" finished-at="2022-11-13T14:25:13 IST" duration-ms="20365" status="PASS">
          <reporter-output>
          </reporter-output>
        </test-method> <!-- launchApplication -->
        <test-method signature="productErrorValidation()[pri:0, instance:dhruvanshtanwar.tests.ErrorValidationsTest@1b835480]" started-at="2022-11-13T14:25:13 IST" name="productErrorValidation" finished-at="2022-11-13T14:25:16 IST" duration-ms="2687" status="PASS">
          <reporter-output>
          </reporter-output>
        </test-method> <!-- productErrorValidation -->
        <test-method is-config="true" signature="tearDown()[pri:0, instance:dhruvanshtanwar.tests.ErrorValidationsTest@1b835480]" started-at="2022-11-13T14:25:16 IST" name="tearDown" finished-at="2022-11-13T14:25:17 IST" duration-ms="517" status="PASS">
          <reporter-output>
          </reporter-output>
        </test-method> <!-- tearDown -->
      </class> <!-- dhruvanshtanwar.tests.ErrorValidationsTest -->
    </test> <!-- Error Validation Test -->
    <test started-at="2022-11-13T14:24:27 IST" name="Submit Order Test" finished-at="2022-11-13T14:25:30 IST" duration-ms="62758">
      <class name="dhruvanshtanwar.tests.SubmitOrderTest">
        <test-method is-config="true" signature="launchApplication()[pri:0, instance:dhruvanshtanwar.tests.SubmitOrderTest@3ad2e17]" started-at="2022-11-13T14:24:28 IST" name="launchApplication" finished-at="2022-11-13T14:24:48 IST" duration-ms="19963" status="PASS">
          <reporter-output>
          </reporter-output>
        </test-method> <!-- launchApplication -->
        <test-method signature="submitOrder(java.util.HashMap)[pri:0, instance:dhruvanshtanwar.tests.SubmitOrderTest@3ad2e17]" started-at="2022-11-13T14:24:48 IST" name="submitOrder" data-provider="getData" finished-at="2022-11-13T14:24:53 IST" duration-ms="4488" status="PASS">
          <params>
            <param index="0">
              <value>
                <![CDATA[{password=Hardrockcafe1., email=dhruvansht@gmail.com, productName=ZARA COAT 3}]]>
              </value>
            </param>
          </params>
          <reporter-output>
          </reporter-output>
        </test-method> <!-- submitOrder -->
        <test-method is-config="true" signature="tearDown()[pri:0, instance:dhruvanshtanwar.tests.SubmitOrderTest@3ad2e17]" started-at="2022-11-13T14:24:53 IST" name="tearDown" finished-at="2022-11-13T14:24:53 IST" duration-ms="651" status="PASS">
          <reporter-output>
          </reporter-output>
        </test-method> <!-- tearDown -->
        <test-method is-config="true" signature="launchApplication()[pri:0, instance:dhruvanshtanwar.tests.SubmitOrderTest@3ad2e17]" started-at="2022-11-13T14:24:53 IST" name="launchApplication" finished-at="2022-11-13T14:25:12 IST" duration-ms="19020" status="PASS">
          <reporter-output>
          </reporter-output>
        </test-method> <!-- launchApplication -->
        <test-method signature="submitOrder(java.util.HashMap)[pri:0, instance:dhruvanshtanwar.tests.SubmitOrderTest@3ad2e17]" started-at="2022-11-13T14:25:12 IST" name="submitOrder" data-provider="getData" finished-at="2022-11-13T14:25:16 IST" duration-ms="3956" status="PASS">
          <params>
            <param index="0">
              <value>
                <![CDATA[{password=Hardrockcafe1., email=tanwar@gmail.com, productName=ADIDAS ORIGINAL}]]>
              </value>
            </param>
          </params>
          <reporter-output>
          </reporter-output>
        </test-method> <!-- submitOrder -->
        <test-method is-config="true" signature="tearDown()[pri:0, instance:dhruvanshtanwar.tests.SubmitOrderTest@3ad2e17]" started-at="2022-11-13T14:25:16 IST" name="tearDown" finished-at="2022-11-13T14:25:17 IST" duration-ms="609" status="PASS">
          <reporter-output>
          </reporter-output>
        </test-method> <!-- tearDown -->
        <test-method is-config="true" signature="launchApplication()[pri:0, instance:dhruvanshtanwar.tests.SubmitOrderTest@3ad2e17]" started-at="2022-11-13T14:25:17 IST" name="launchApplication" finished-at="2022-11-13T14:25:29 IST" duration-ms="11875" status="PASS">
          <reporter-output>
          </reporter-output>
        </test-method> <!-- launchApplication -->
        <test-method signature="orderHistoryTest()[pri:0, instance:dhruvanshtanwar.tests.SubmitOrderTest@3ad2e17]" started-at="2022-11-13T14:25:29 IST" name="orderHistoryTest" finished-at="2022-11-13T14:25:30 IST" depends-on-methods="dhruvanshtanwar.tests.SubmitOrderTest.submitOrder" duration-ms="1061" status="PASS">
          <reporter-output>
          </reporter-output>
        </test-method> <!-- orderHistoryTest -->
        <test-method is-config="true" signature="tearDown()[pri:0, instance:dhruvanshtanwar.tests.SubmitOrderTest@3ad2e17]" started-at="2022-11-13T14:25:30 IST" name="tearDown" finished-at="2022-11-13T14:25:30 IST" duration-ms="223" status="PASS">
          <reporter-output>
          </reporter-output>
        </test-method> <!-- tearDown -->
      </class> <!-- dhruvanshtanwar.tests.SubmitOrderTest -->
    </test> <!-- Submit Order Test -->
  </suite> <!-- Suite -->
</testng-results>
